agdb_api.ts(677,14): error TS2322: Type 'undefined' is not assignable to type 'string'.
agdb_api.ts(679,14): error TS2322: Type 'undefined' is not assignable to type 'string'.
agdb_api.ts(681,14): error TS2322: Type 'undefined' is not assignable to type 'string'.
agdb_api.ts(683,14): error TS2322: Type 'undefined' is not assignable to type 'string'.
agdb_api.ts(685,14): error TS2322: Type 'undefined' is not assignable to type 'string'.
agdb_api.ts(687,14): error TS2322: Type 'undefined' is not assignable to type 'number'.
agdb_api.ts(689,14): error TS2322: Type 'undefined' is not assignable to type 'number'.
agdb_api.ts(691,14): error TS2322: Type 'undefined' is not assignable to type 'Duration'.
agdb_api.ts(693,14): error TS2322: Type 'undefined' is not assignable to type 'number'.
agdb_api.ts(695,14): error TS2322: Type 'undefined' is not assignable to type 'Duration'.
agdb_api.ts(697,14): error TS2322: Type 'undefined' is not assignable to type 'number'.
agdb_api.ts(699,14): error TS2322: Type 'undefined' is not assignable to type 'number'.
agdb_api.ts(701,14): error TS2322: Type 'undefined' is not assignable to type 'Duration'.
agdb_api.ts(703,14): error TS2322: Type 'undefined' is not assignable to type 'AtomicU16'.
agdb_api.ts(705,14): error TS2322: Type 'undefined' is not assignable to type 'AtomicU16'.
agdb_api.ts(707,14): error TS2322: Type 'undefined' is not assignable to type 'TestServerImpl'.
agdb_api.ts(711,31): error TS2355: A function whose declared type is neither 'undefined', 'void', nor 'any' must return a value.
agdb_api.ts(715,35): error TS2355: A function whose declared type is neither 'undefined', 'void', nor 'any' must return a value.
agdb_api.ts(719,33): error TS2355: A function whose declared type is neither 'undefined', 'void', nor 'any' must return a value.
agdb_api.ts(723,74): error TS2355: A function whose declared type is neither 'undefined', 'void', nor 'any' must return a value.
agdb_api.ts(727,81): error TS2355: A function whose declared type is neither 'undefined', 'void', nor 'any' must return a value.
agdb_api.ts(731,46): error TS2355: A function whose declared type is neither 'undefined', 'void', nor 'any' must return a value.
agdb_api.ts(735,62): error TS2355: A function whose declared type is neither 'undefined', 'void', nor 'any' must return a value.
agdb_api.ts(783,14): error TS2322: Type 'undefined' is not assignable to type 'TestServerImpl[]'.
agdb_api.ts(793,63): error TS2355: A function whose declared type is neither 'undefined', 'void', nor 'any' must return a value.
agdb_api.ts(797,62): error TS2355: A function whose declared type is neither 'undefined', 'void', nor 'any' must return a value.
agdb_api.ts(801,52): error TS2355: A function whose declared type is neither 'undefined', 'void', nor 'any' must return a value.
